<?xml version="1.0" encoding="UTF-8"?>
<!-- Generated by org.testng.reporters.JUnitReportReporter -->
<testsuite hostname="Yasmines-MacBook-Air.local" failures="0" tests="1" name="Tests.LoginScreen" time="19.501" errors="0" timestamp="2022-07-22T15:23:34 EET" skipped="0">
  <testcase classname="Tests.LoginScreen" name="CheckThatUserSuccessfullyLoggingtoFacebook" time="19.501"/>
  <system-out/>
</testsuite> <!-- Tests.LoginScreen -->
