<?xml version="1.0" encoding="UTF-8"?>
<!-- Generated by org.testng.reporters.JUnitReportReporter -->
<testsuite hostname="Yasmines-MacBook-Air.local" failures="0" tests="1" name="Tests.LoginPage" time="11.273" errors="0" timestamp="2022-06-22T23:02:00 EET" skipped="0">
  <testcase classname="Tests.LoginPage" name="CheckThatUserIsLogin_InToFacebookSuccessfully" time="11.273"/>
  <system-out/>
</testsuite> <!-- Tests.LoginPage -->
