<?xml version="1.0" encoding="UTF-8"?>
<!-- Generated by org.testng.reporters.JUnitReportReporter -->
<testsuite hostname="Yasmines-MacBook-Air.local" failures="0" tests="2" name="Tests.RegisterScreen" time="41.370" errors="0" timestamp="2022-07-03T14:57:57 EET" skipped="0">
  <testcase classname="Tests.RegisterScreen" name="CheckThatRegiserationFormAppearsSucessfully" time="10.015"/>
  <system-out/>
  <testcase classname="Tests.RegisterScreen" name="CheckThatRegisterationOfFacebookAccountiscreatedSucessfully" time="31.355"/>
  <system-out/>
</testsuite> <!-- Tests.RegisterScreen -->
