<?xml version="1.0" encoding="UTF-8"?>
<!-- Generated by org.testng.reporters.JUnitReportReporter -->
<testsuite hostname="Yasmines-MacBook-Air.local" failures="0" tests="1" name="Tests.LoginScreen" time="32.797" errors="0" timestamp="2022-07-03T14:56:58 EET" skipped="0">
  <testcase classname="Tests.LoginScreen" name="CheckThatUserSuccessfullyLoggingtoFacebook" time="32.797"/>
  <system-out/>
</testsuite> <!-- Tests.LoginScreen -->
